

*******************************************************************************
Wed May 24 21:07:57 2023


FIT:    data read from 'TP.txt' u 1:2
        format = x:z
        #datapoints = 5
        residuals are weighted equally (unit weight)

function used for fitting: f(x)
	f(x)=a*x+b
fitted parameters initialized with current variable values

iter      chisq       delta/lim  lambda   a             b            
   0 1.3609765295e+02   0.00e+00  3.97e+00    1.000000e+00   1.000000e+00
   4 2.3160673068e-03  -2.45e-01  3.97e-04    2.084353e-01  -2.233080e-02

After 4 iterations the fit converged.
final sum of squares of residuals : 0.00231607
rel. change during last iteration : -2.45326e-06

degrees of freedom    (FIT_NDF)                        : 3
rms of residuals      (FIT_STDFIT) = sqrt(WSSR/ndf)    : 0.0277853
variance of residuals (reduced chisquare) = WSSR/ndf   : 0.000772022

Final set of parameters            Asymptotic Standard Error
=======================            ==========================
a               = 0.208435         +/- 0.003708     (1.779%)
b               = -0.0223308       +/- 0.02046      (91.63%)

correlation matrix of the fit parameters:
                a      b      
a               1.000 
b              -0.794  1.000 

r = 0.9995
